<?xml version="1.0" encoding="UTF-8"?>
<!-- Generated by org.testng.reporters.JUnitReportReporter -->
<testsuite skipped="0" hostname="DESKTOP-SMR1PUS" name="cts.miniproject.test.ValidAndInvalidLogin" tests="2" failures="0" timestamp="2020-03-25T17:06:12 IST" time="35.138" errors="0">
  <testcase name="validlogin" time="18.816" classname="cts.miniproject.test.ValidAndInvalidLogin"/>
  <system-out/>
  <testcase name="Invalidlogin" time="16.322" classname="cts.miniproject.test.ValidAndInvalidLogin"/>
  <system-out/>
</testsuite> <!-- cts.miniproject.test.ValidAndInvalidLogin -->
