<?xml version="1.0" encoding="UTF-8"?>
<!-- Generated by org.testng.reporters.JUnitReportReporter -->
<testsuite skipped="0" hostname="DESKTOP-SMR1PUS" name="Selenium.java.parallel1Test" tests="3" failures="0" timestamp="2020-03-24T16:30:43 IST" time="0.165" errors="0">
  <testcase name="testcase5" time="0.039" classname="Selenium.java.parallel1Test"/>
  <system-out/>
  <testcase name="testcase4" time="0.103" classname="Selenium.java.parallel1Test"/>
  <system-out/>
  <testcase name="testcase6" time="0.023" classname="Selenium.java.parallel1Test"/>
  <system-out/>
</testsuite> <!-- Selenium.java.parallel1Test -->
