<?xml version="1.0" encoding="UTF-8"?>
<!-- Generated by org.testng.reporters.JUnitReportReporter -->
<testsuite skipped="0" hostname="DESKTOP-SMR1PUS" name="Selenium.java.LoginScript" tests="1" failures="0" timestamp="2020-03-25T15:25:11 IST" time="15.262" errors="0">
  <testcase name="LoginToApplication" time="15.262" classname="Selenium.java.LoginScript"/>
  <system-out/>
</testsuite> <!-- Selenium.java.LoginScript -->
