<?xml version="1.0" encoding="UTF-8"?>
<!-- Generated by org.testng.reporters.JUnitReportReporter -->
<testsuite skipped="0" hostname="DESKTOP-SMR1PUS" name="Selenium.java.parallel1" tests="3" failures="0" timestamp="2020-03-24T16:30:43 IST" time="0.310" errors="0">
  <testcase name="testcase2" time="0.104" classname="Selenium.java.parallel1"/>
  <system-out/>
  <testcase name="testcase1" time="0.104" classname="Selenium.java.parallel1"/>
  <system-out/>
  <testcase name="testcase3" time="0.102" classname="Selenium.java.parallel1"/>
  <system-out/>
</testsuite> <!-- Selenium.java.parallel1 -->
