<?xml version="1.0" encoding="UTF-8"?>
<!-- Generated by org.testng.reporters.JUnitReportReporter -->
<testsuite skipped="0" hostname="DESKTOP-SMR1PUS" name="Selenium.java.ExtentReportDemo" tests="1" failures="0" timestamp="2020-03-28T10:38:19 IST" time="0.382" errors="0">
  <testcase name="loginTest" time="0.382" classname="Selenium.java.ExtentReportDemo"/>
  <system-out/>
</testsuite> <!-- Selenium.java.ExtentReportDemo -->
