<?xml version="1.0" encoding="UTF-8"?>
<!-- Generated by org.testng.reporters.JUnitReportReporter -->
<testsuite skipped="0" hostname="DESKTOP-SMR1PUS" name="Selenium.java.Display" tests="5" failures="0" timestamp="2020-03-24T14:41:14 IST" time="0.014" errors="0">
  <testcase name="vendor1" time="0.001" classname="Selenium.java.Display"/>
  <system-out/>
  <testcase name="vendor2" time="0.001" classname="Selenium.java.Display"/>
  <system-out/>
  <testcase name="vendor3" time="0.001" classname="Selenium.java.Display"/>
  <system-out/>
  <testcase name="admin1" time="0.009" classname="Selenium.java.Display"/>
  <system-out/>
  <testcase name="admin2" time="0.002" classname="Selenium.java.Display"/>
  <system-out/>
</testsuite> <!-- Selenium.java.Display -->
