<?xml version="1.0" encoding="UTF-8"?>
<!-- Generated by org.testng.reporters.JUnitReportReporter -->
<testsuite skipped="0" hostname="DESKTOP-SMR1PUS" name="cts.wordpress.test.VerifyWordpressLogin" tests="1" failures="0" timestamp="2020-03-26T10:46:35 IST" time="20.364" errors="0">
  <testcase name="verifyValidLogin" time="20.364" classname="cts.wordpress.test.VerifyWordpressLogin"/>
  <system-out/>
</testsuite> <!-- cts.wordpress.test.VerifyWordpressLogin -->
